mode: set
github.com/deenikarim/bookings/internal/handlers/handlers.go:35.62,42.2 1 0
github.com/deenikarim/bookings/internal/handlers/handlers.go:45.51,50.2 1 1
github.com/deenikarim/bookings/internal/handlers/handlers.go:53.33,56.2 1 1
github.com/deenikarim/bookings/internal/handlers/handlers.go:63.67,67.2 2 1
github.com/deenikarim/bookings/internal/handlers/handlers.go:70.68,74.2 1 1
github.com/deenikarim/bookings/internal/handlers/handlers.go:77.70,81.2 1 1
github.com/deenikarim/bookings/internal/handlers/handlers.go:84.71,88.2 1 1
github.com/deenikarim/bookings/internal/handlers/handlers.go:91.69,95.2 1 1
github.com/deenikarim/bookings/internal/handlers/handlers.go:98.81,102.2 1 1
github.com/deenikarim/bookings/internal/handlers/handlers.go:105.85,116.16 5 0
github.com/deenikarim/bookings/internal/handlers/handlers.go:120.2,121.16 2 0
github.com/deenikarim/bookings/internal/handlers/handlers.go:127.2,128.16 2 0
github.com/deenikarim/bookings/internal/handlers/handlers.go:136.2,136.21 1 0
github.com/deenikarim/bookings/internal/handlers/handlers.go:145.2,161.4 5 0
github.com/deenikarim/bookings/internal/handlers/handlers.go:116.16,119.3 2 0
github.com/deenikarim/bookings/internal/handlers/handlers.go:121.16,124.3 2 0
github.com/deenikarim/bookings/internal/handlers/handlers.go:128.16,131.3 2 0
github.com/deenikarim/bookings/internal/handlers/handlers.go:136.21,142.3 3 0
github.com/deenikarim/bookings/internal/handlers/handlers.go:178.84,185.16 5 0
github.com/deenikarim/bookings/internal/handlers/handlers.go:188.2,189.16 2 0
github.com/deenikarim/bookings/internal/handlers/handlers.go:193.2,194.16 2 0
github.com/deenikarim/bookings/internal/handlers/handlers.go:200.2,201.16 2 0
github.com/deenikarim/bookings/internal/handlers/handlers.go:207.2,217.16 3 0
github.com/deenikarim/bookings/internal/handlers/handlers.go:223.2,226.18 2 0
github.com/deenikarim/bookings/internal/handlers/handlers.go:185.16,187.3 1 0
github.com/deenikarim/bookings/internal/handlers/handlers.go:189.16,191.3 1 0
github.com/deenikarim/bookings/internal/handlers/handlers.go:194.16,196.3 1 0
github.com/deenikarim/bookings/internal/handlers/handlers.go:201.16,203.3 1 0
github.com/deenikarim/bookings/internal/handlers/handlers.go:217.16,220.3 2 0
github.com/deenikarim/bookings/internal/handlers/handlers.go:230.74,237.9 2 1
github.com/deenikarim/bookings/internal/handlers/handlers.go:246.2,247.16 2 1
github.com/deenikarim/bookings/internal/handlers/handlers.go:254.2,281.4 10 1
github.com/deenikarim/bookings/internal/handlers/handlers.go:237.9,242.3 3 1
github.com/deenikarim/bookings/internal/handlers/handlers.go:247.16,251.3 3 1
github.com/deenikarim/bookings/internal/handlers/handlers.go:285.78,298.16 2 1
github.com/deenikarim/bookings/internal/handlers/handlers.go:307.2,314.16 5 1
github.com/deenikarim/bookings/internal/handlers/handlers.go:319.2,320.16 2 1
github.com/deenikarim/bookings/internal/handlers/handlers.go:326.2,327.16 2 1
github.com/deenikarim/bookings/internal/handlers/handlers.go:340.2,362.22 6 1
github.com/deenikarim/bookings/internal/handlers/handlers.go:380.2,381.16 2 1
github.com/deenikarim/bookings/internal/handlers/handlers.go:390.2,400.16 3 1
github.com/deenikarim/bookings/internal/handlers/handlers.go:409.2,412.66 2 1
github.com/deenikarim/bookings/internal/handlers/handlers.go:298.16,304.3 3 1
github.com/deenikarim/bookings/internal/handlers/handlers.go:314.16,318.3 3 1
github.com/deenikarim/bookings/internal/handlers/handlers.go:320.16,324.3 3 1
github.com/deenikarim/bookings/internal/handlers/handlers.go:327.16,331.3 3 1
github.com/deenikarim/bookings/internal/handlers/handlers.go:362.22,376.3 5 1
github.com/deenikarim/bookings/internal/handlers/handlers.go:381.16,385.3 3 1
github.com/deenikarim/bookings/internal/handlers/handlers.go:400.16,404.3 3 1
github.com/deenikarim/bookings/internal/handlers/handlers.go:417.81,421.9 2 1
github.com/deenikarim/bookings/internal/handlers/handlers.go:431.2,448.4 9 1
github.com/deenikarim/bookings/internal/handlers/handlers.go:421.9,429.3 4 1
github.com/deenikarim/bookings/internal/handlers/handlers.go:453.73,458.16 2 1
github.com/deenikarim/bookings/internal/handlers/handlers.go:472.2,473.9 2 0
github.com/deenikarim/bookings/internal/handlers/handlers.go:482.2,488.63 3 0
github.com/deenikarim/bookings/internal/handlers/handlers.go:458.16,462.3 3 1
github.com/deenikarim/bookings/internal/handlers/handlers.go:473.9,474.17 1 0
github.com/deenikarim/bookings/internal/handlers/handlers.go:474.17,478.4 3 0
github.com/deenikarim/bookings/internal/handlers/handlers.go:493.71,502.16 6 0
github.com/deenikarim/bookings/internal/handlers/handlers.go:505.2,506.16 2 0
github.com/deenikarim/bookings/internal/handlers/handlers.go:512.2,516.16 3 0
github.com/deenikarim/bookings/internal/handlers/handlers.go:519.2,532.63 6 0
github.com/deenikarim/bookings/internal/handlers/handlers.go:502.16,504.3 1 0
github.com/deenikarim/bookings/internal/handlers/handlers.go:506.16,508.3 1 0
github.com/deenikarim/bookings/internal/handlers/handlers.go:516.16,518.3 1 0
